# JRE version: Java(TM) SE Runtime Environment (8.0_281-b09) (build 1.8.0_281-b09)
# Java VM: Java HotSpot(TM) 64-Bit Server VM (25.281-b09 mixed mode windows-amd64 compressed oops)
Heap:
 PSYoungGen      total 401920K, used 314602K [0x000000076b500000, 0x000000078b480000, 0x00000007c0000000)
  eden space 382976K, 77% used [0x000000076b500000,0x000000077d5baaa0,0x0000000782b00000)
  from space 18944K, 99% used [0x0000000782b00000,0x0000000783d7ffd0,0x0000000783d80000)
  to   space 22016K, 70% used [0x0000000789f00000,0x000000078ae1ce60,0x000000078b480000)
 ParOldGen       total 169472K, used 35903K [0x00000006c1e00000, 0x00000006cc380000, 0x000000076b500000)
  object space 169472K, 21% used [0x00000006c1e00000,0x00000006c410fe78,0x00000006cc380000)
 Metaspace       used 58153K, capacity 58928K, committed 59160K, reserved 1099776K
  class space    used 7814K, capacity 8010K, committed 8104K, reserved 1048576K
GC Heap History (10 events):
Event: 4.889 GC heap after
Heap after GC invocations=9 (full 1):
 PSYoungGen      total 306176K, used 11766K [0x000000076b500000, 0x0000000780880000, 0x00000007c0000000)
  eden space 294400K, 0% used [0x000000076b500000,0x000000076b500000,0x000000077d480000)
  from space 11776K, 99% used [0x000000077e600000,0x000000077f17dbc8,0x000000077f180000)
  to   space 17920K, 0% used [0x000000077d480000,0x000000077d480000,0x000000077e600000)
 ParOldGen       total 99328K, used 22581K [0x00000006c1e00000, 0x00000006c7f00000, 0x000000076b500000)
  object space 99328K, 22% used [0x00000006c1e00000,0x00000006c340d478,0x00000006c7f00000)
 Metaspace       used 32945K, capacity 33422K, committed 33792K, reserved 1079296K
  class space    used 4344K, capacity 4488K, committed 4608K, reserved 1048576K
}
Event: 5.456 GC heap before
{Heap before GC invocations=10 (full 1):
 PSYoungGen      total 306176K, used 140272K [0x000000076b500000, 0x0000000780880000, 0x00000007c0000000)
  eden space 294400K, 43% used [0x000000076b500000,0x000000077327e7c0,0x000000077d480000)
  from space 11776K, 99% used [0x000000077e600000,0x000000077f17dbc8,0x000000077f180000)
  to   space 17920K, 0% used [0x000000077d480000,0x000000077d480000,0x000000077e600000)
 ParOldGen       total 99328K, used 22581K [0x00000006c1e00000, 0x00000006c7f00000, 0x000000076b500000)
  object space 99328K, 22% used [0x00000006c1e00000,0x00000006c340d478,0x00000006c7f00000)
 Metaspace       used 34870K, capacity 35456K, committed 35496K, reserved 1079296K
  class space    used 4603K, capacity 4763K, committed 4776K, reserved 1048576K
Event: 5.465 GC heap after
Heap after GC invocations=10 (full 1):
 PSYoungGen      total 312320K, used 11749K [0x000000076b500000, 0x0000000785280000, 0x00000007c0000000)
  eden space 294400K, 0% used [0x000000076b500000,0x000000076b500000,0x000000077d480000)
  from space 17920K, 65% used [0x000000077d480000,0x000000077dff9610,0x000000077e600000)
  to   space 17920K, 0% used [0x0000000784100000,0x0000000784100000,0x0000000785280000)
 ParOldGen       total 99328K, used 26678K [0x00000006c1e00000, 0x00000006c7f00000, 0x000000076b500000)
  object space 99328K, 26% used [0x00000006c1e00000,0x00000006c380d970,0x00000006c7f00000)
 Metaspace       used 34870K, capacity 35456K, committed 35496K, reserved 1079296K
  class space    used 4603K, capacity 4763K, committed 4776K, reserved 1048576K
}
Event: 5.465 GC heap before
{Heap before GC invocations=11 (full 2):
 PSYoungGen      total 312320K, used 11749K [0x000000076b500000, 0x0000000785280000, 0x00000007c0000000)
  eden space 294400K, 0% used [0x000000076b500000,0x000000076b500000,0x000000077d480000)
  from space 17920K, 65% used [0x000000077d480000,0x000000077dff9610,0x000000077e600000)
  to   space 17920K, 0% used [0x0000000784100000,0x0000000784100000,0x0000000785280000)
 ParOldGen       total 99328K, used 26678K [0x00000006c1e00000, 0x00000006c7f00000, 0x000000076b500000)
  object space 99328K, 26% used [0x00000006c1e00000,0x00000006c380d970,0x00000006c7f00000)
 Metaspace       used 34870K, capacity 35456K, committed 35496K, reserved 1079296K
  class space    used 4603K, capacity 4763K, committed 4776K, reserved 1048576K
Event: 5.521 GC heap after
Heap after GC invocations=11 (full 2):
 PSYoungGen      total 312320K, used 0K [0x000000076b500000, 0x0000000785280000, 0x00000007c0000000)
  eden space 294400K, 0% used [0x000000076b500000,0x000000076b500000,0x000000077d480000)
  from space 17920K, 0% used [0x000000077d480000,0x000000077d480000,0x000000077e600000)
  to   space 17920K, 0% used [0x0000000784100000,0x0000000784100000,0x0000000785280000)
 ParOldGen       total 169472K, used 26521K [0x00000006c1e00000, 0x00000006cc380000, 0x000000076b500000)
  object space 169472K, 15% used [0x00000006c1e00000,0x00000006c37e6660,0x00000006cc380000)
 Metaspace       used 34870K, capacity 35456K, committed 35496K, reserved 1079296K
  class space    used 4603K, capacity 4763K, committed 4776K, reserved 1048576K
}
Event: 6.956 GC heap before
{Heap before GC invocations=12 (full 2):
 PSYoungGen      total 312320K, used 294400K [0x000000076b500000, 0x0000000785280000, 0x00000007c0000000)
  eden space 294400K, 100% used [0x000000076b500000,0x000000077d480000,0x000000077d480000)
  from space 17920K, 0% used [0x000000077d480000,0x000000077d480000,0x000000077e600000)
  to   space 17920K, 0% used [0x0000000784100000,0x0000000784100000,0x0000000785280000)
 ParOldGen       total 169472K, used 26521K [0x00000006c1e00000, 0x00000006cc380000, 0x000000076b500000)
  object space 169472K, 15% used [0x00000006c1e00000,0x00000006c37e6660,0x00000006cc380000)
 Metaspace       used 46001K, capacity 46544K, committed 46888K, reserved 1089536K
  class space    used 6188K, capacity 6339K, committed 6440K, reserved 1048576K
Event: 6.967 GC heap after
Heap after GC invocations=12 (full 2):
 PSYoungGen      total 393728K, used 14971K [0x000000076b500000, 0x0000000785000000, 0x00000007c0000000)
  eden space 378368K, 0% used [0x000000076b500000,0x000000076b500000,0x0000000782680000)
  from space 15360K, 97% used [0x0000000784100000,0x0000000784f9ed18,0x0000000785000000)
  to   space 18944K, 0% used [0x0000000782b00000,0x0000000782b00000,0x0000000783d80000)
 ParOldGen       total 169472K, used 26537K [0x00000006c1e00000, 0x00000006cc380000, 0x000000076b500000)
  object space 169472K, 15% used [0x00000006c1e00000,0x00000006c37ea670,0x00000006cc380000)
 Metaspace       used 46001K, capacity 46544K, committed 46888K, reserved 1089536K
  class space    used 6188K, capacity 6339K, committed 6440K, reserved 1048576K
}
Event: 8.864 GC heap before
{Heap before GC invocations=13 (full 2):
 PSYoungGen      total 393728K, used 393339K [0x000000076b500000, 0x0000000785000000, 0x00000007c0000000)
  eden space 378368K, 100% used [0x000000076b500000,0x0000000782680000,0x0000000782680000)
  from space 15360K, 97% used [0x0000000784100000,0x0000000784f9ed18,0x0000000785000000)
  to   space 18944K, 0% used [0x0000000782b00000,0x0000000782b00000,0x0000000783d80000)
 ParOldGen       total 169472K, used 26537K [0x00000006c1e00000, 0x00000006cc380000, 0x000000076b500000)
  object space 169472K, 15% used [0x00000006c1e00000,0x00000006c37ea670,0x00000006cc380000)
 Metaspace       used 52816K, capacity 53608K, committed 53928K, reserved 1095680K
  class space    used 7112K, capacity 7293K, committed 7336K, reserved 1048576K
Event: 8.877 GC heap after
Heap after GC invocations=13 (full 2):
 PSYoungGen      total 401920K, used 18943K [0x000000076b500000, 0x000000078b480000, 0x00000007c0000000)
  eden space 382976K, 0% used [0x000000076b500000,0x000000076b500000,0x0000000782b00000)
  from space 18944K, 99% used [0x0000000782b00000,0x0000000783d7ffd0,0x0000000783d80000)
  to   space 22016K, 0% used [0x0000000789f00000,0x0000000789f00000,0x000000078b480000)
 ParOldGen       total 169472K, used 29739K [0x00000006c1e00000, 0x00000006cc380000, 0x000000076b500000)
  object space 169472K, 17% used [0x00000006c1e00000,0x00000006c3b0aca8,0x00000006cc380000)
 Metaspace       used 52816K, capacity 53608K, committed 53928K, reserved 1095680K
  class space    used 7112K, capacity 7293K, committed 7336K, reserved 1048576K
}
Event: 12.759 GC heap before
{Heap before GC invocations=14 (full 2):
 PSYoungGen      total 401920K, used 314602K [0x000000076b500000, 0x000000078b480000, 0x00000007c0000000)
  eden space 382976K, 77% used [0x000000076b500000,0x000000077d5baaa0,0x0000000782b00000)
  from space 18944K, 99% used [0x0000000782b00000,0x0000000783d7ffd0,0x0000000783d80000)
  to   space 22016K, 0% used [0x0000000789f00000,0x0000000789f00000,0x000000078b480000)
 ParOldGen       total 169472K, used 29739K [0x00000006c1e00000, 0x00000006cc380000, 0x000000076b500000)
  object space 169472K, 17% used [0x00000006c1e00000,0x00000006c3b0aca8,0x00000006cc380000)
 Metaspace       used 58153K, capacity 58928K, committed 59160K, reserved 1099776K
  class space    used 7814K, capacity 8010K, committed 8104K, reserved 1048576K

